CRITICAL - 2023-02-16 04:41:01 --> Call to a member function getName() on null
in APPPATH\Controllers\Upload.php on line 18.
 1 SYSTEMPATH\CodeIgniter.php(934): App\Controllers\Upload->index()
 2 SYSTEMPATH\CodeIgniter.php(499): CodeIgniter\CodeIgniter->runController(Object(App\Controllers\Upload))
 3 SYSTEMPATH\CodeIgniter.php(368): CodeIgniter\CodeIgniter->handleRequest(null, Object(Config\Cache), false)
 4 FCPATH\index.php(67): CodeIgniter\CodeIgniter->run()
CRITICAL - 2023-02-16 06:14:36 --> Cannot access offset of type string on string
in APPPATH\Controllers\Upload.php on line 27.
 1 SYSTEMPATH\CodeIgniter.php(934): App\Controllers\Upload->index()
 2 SYSTEMPATH\CodeIgniter.php(499): CodeIgniter\CodeIgniter->runController(Object(App\Controllers\Upload))
 3 SYSTEMPATH\CodeIgniter.php(368): CodeIgniter\CodeIgniter->handleRequest(null, Object(Config\Cache), false)
 4 FCPATH\index.php(67): CodeIgniter\CodeIgniter->run()
CRITICAL - 2023-02-16 06:15:36 --> Cannot access offset of type string on string
in APPPATH\Controllers\Upload.php on line 27.
 1 SYSTEMPATH\CodeIgniter.php(934): App\Controllers\Upload->index()
 2 SYSTEMPATH\CodeIgniter.php(499): CodeIgniter\CodeIgniter->runController(Object(App\Controllers\Upload))
 3 SYSTEMPATH\CodeIgniter.php(368): CodeIgniter\CodeIgniter->handleRequest(null, Object(Config\Cache), false)
 4 FCPATH\index.php(67): CodeIgniter\CodeIgniter->run()
ERROR - 2023-02-16 06:43:06 --> Error connecting to the database: mysqli_sql_exception: No connection could be made because the target machine actively refused it in D:\xampp\htdocs\imageserver-api\vendor\codeigniter4\framework\system\Database\MySQLi\Connection.php:174
Stack trace:
#0 D:\xampp\htdocs\imageserver-api\vendor\codeigniter4\framework\system\Database\MySQLi\Connection.php(174): mysqli->real_connect('localhost', 'root', '', 'imageserver', 3306, '', 0)
#1 D:\xampp\htdocs\imageserver-api\vendor\codeigniter4\framework\system\Database\BaseConnection.php(391): CodeIgniter\Database\MySQLi\Connection->connect(false)
#2 D:\xampp\htdocs\imageserver-api\vendor\codeigniter4\framework\system\Database\BaseConnection.php(573): CodeIgniter\Database\BaseConnection->initialize()
#3 D:\xampp\htdocs\imageserver-api\vendor\codeigniter4\framework\system\Database\BaseBuilder.php(2295): CodeIgniter\Database\BaseConnection->query('INSERT INTO `im...', Array, false)
#4 D:\xampp\htdocs\imageserver-api\app\Models\Upload.php(45): CodeIgniter\Database\BaseBuilder->insert(Array)
#5 D:\xampp\htdocs\imageserver-api\app\Controllers\Upload.php(57): App\Models\Upload->simpan_gambar(Array)
#6 D:\xampp\htdocs\imageserver-api\vendor\codeigniter4\framework\system\CodeIgniter.php(934): App\Controllers\Upload->index()
#7 D:\xampp\htdocs\imageserver-api\vendor\codeigniter4\framework\system\CodeIgniter.php(499): CodeIgniter\CodeIgniter->runController(Object(App\Controllers\Upload))
#8 D:\xampp\htdocs\imageserver-api\vendor\codeigniter4\framework\system\CodeIgniter.php(368): CodeIgniter\CodeIgniter->handleRequest(NULL, Object(Config\Cache), false)
#9 D:\xampp\htdocs\imageserver-api\public\index.php(67): CodeIgniter\CodeIgniter->run()
#10 {main}

Next CodeIgniter\Database\Exceptions\DatabaseException: No connection could be made because the target machine actively refused it in D:\xampp\htdocs\imageserver-api\vendor\codeigniter4\framework\system\Database\MySQLi\Connection.php:218
Stack trace:
#0 D:\xampp\htdocs\imageserver-api\vendor\codeigniter4\framework\system\Database\BaseConnection.php(391): CodeIgniter\Database\MySQLi\Connection->connect(false)
#1 D:\xampp\htdocs\imageserver-api\vendor\codeigniter4\framework\system\Database\BaseConnection.php(573): CodeIgniter\Database\BaseConnection->initialize()
#2 D:\xampp\htdocs\imageserver-api\vendor\codeigniter4\framework\system\Database\BaseBuilder.php(2295): CodeIgniter\Database\BaseConnection->query('INSERT INTO `im...', Array, false)
#3 D:\xampp\htdocs\imageserver-api\app\Models\Upload.php(45): CodeIgniter\Database\BaseBuilder->insert(Array)
#4 D:\xampp\htdocs\imageserver-api\app\Controllers\Upload.php(57): App\Models\Upload->simpan_gambar(Array)
#5 D:\xampp\htdocs\imageserver-api\vendor\codeigniter4\framework\system\CodeIgniter.php(934): App\Controllers\Upload->index()
#6 D:\xampp\htdocs\imageserver-api\vendor\codeigniter4\framework\system\CodeIgniter.php(499): CodeIgniter\CodeIgniter->runController(Object(App\Controllers\Upload))
#7 D:\xampp\htdocs\imageserver-api\vendor\codeigniter4\framework\system\CodeIgniter.php(368): CodeIgniter\CodeIgniter->handleRequest(NULL, Object(Config\Cache), false)
#8 D:\xampp\htdocs\imageserver-api\public\index.php(67): CodeIgniter\CodeIgniter->run()
#9 {main}
CRITICAL - 2023-02-16 06:43:06 --> Unable to connect to the database.
Main connection [MySQLi]: No connection could be made because the target machine actively refused it
in SYSTEMPATH\Database\BaseConnection.php on line 427.
 1 SYSTEMPATH\Database\BaseConnection.php(573): CodeIgniter\Database\BaseConnection->initialize()
 2 SYSTEMPATH\Database\BaseBuilder.php(2295): CodeIgniter\Database\BaseConnection->query('INSERT INTO `image` (`name`, `sizes`, `userfile`) VALUES (:name:, :sizes:, :userfile:)', [...], false)
 3 APPPATH\Models\Upload.php(45): CodeIgniter\Database\BaseBuilder->insert([...])
 4 APPPATH\Controllers\Upload.php(57): App\Models\Upload->simpan_gambar([...])
 5 SYSTEMPATH\CodeIgniter.php(934): App\Controllers\Upload->index()
 6 SYSTEMPATH\CodeIgniter.php(499): CodeIgniter\CodeIgniter->runController(Object(App\Controllers\Upload))
 7 SYSTEMPATH\CodeIgniter.php(368): CodeIgniter\CodeIgniter->handleRequest(null, Object(Config\Cache), false)
 8 FCPATH\index.php(67): CodeIgniter\CodeIgniter->run()
ERROR - 2023-02-16 06:43:51 --> Error connecting to the database: mysqli_sql_exception: No connection could be made because the target machine actively refused it in D:\xampp\htdocs\imageserver-api\vendor\codeigniter4\framework\system\Database\MySQLi\Connection.php:174
Stack trace:
#0 D:\xampp\htdocs\imageserver-api\vendor\codeigniter4\framework\system\Database\MySQLi\Connection.php(174): mysqli->real_connect('localhost', 'root', '', 'imageserver', 3306, '', 0)
#1 D:\xampp\htdocs\imageserver-api\vendor\codeigniter4\framework\system\Database\BaseConnection.php(391): CodeIgniter\Database\MySQLi\Connection->connect(false)
#2 D:\xampp\htdocs\imageserver-api\vendor\codeigniter4\framework\system\Database\BaseConnection.php(573): CodeIgniter\Database\BaseConnection->initialize()
#3 D:\xampp\htdocs\imageserver-api\vendor\codeigniter4\framework\system\Database\BaseBuilder.php(2295): CodeIgniter\Database\BaseConnection->query('INSERT INTO `im...', Array, false)
#4 D:\xampp\htdocs\imageserver-api\app\Models\Upload.php(45): CodeIgniter\Database\BaseBuilder->insert(Array)
#5 D:\xampp\htdocs\imageserver-api\app\Controllers\Upload.php(57): App\Models\Upload->simpan_gambar(Array)
#6 D:\xampp\htdocs\imageserver-api\vendor\codeigniter4\framework\system\CodeIgniter.php(934): App\Controllers\Upload->index()
#7 D:\xampp\htdocs\imageserver-api\vendor\codeigniter4\framework\system\CodeIgniter.php(499): CodeIgniter\CodeIgniter->runController(Object(App\Controllers\Upload))
#8 D:\xampp\htdocs\imageserver-api\vendor\codeigniter4\framework\system\CodeIgniter.php(368): CodeIgniter\CodeIgniter->handleRequest(NULL, Object(Config\Cache), false)
#9 D:\xampp\htdocs\imageserver-api\public\index.php(67): CodeIgniter\CodeIgniter->run()
#10 {main}

Next CodeIgniter\Database\Exceptions\DatabaseException: No connection could be made because the target machine actively refused it in D:\xampp\htdocs\imageserver-api\vendor\codeigniter4\framework\system\Database\MySQLi\Connection.php:218
Stack trace:
#0 D:\xampp\htdocs\imageserver-api\vendor\codeigniter4\framework\system\Database\BaseConnection.php(391): CodeIgniter\Database\MySQLi\Connection->connect(false)
#1 D:\xampp\htdocs\imageserver-api\vendor\codeigniter4\framework\system\Database\BaseConnection.php(573): CodeIgniter\Database\BaseConnection->initialize()
#2 D:\xampp\htdocs\imageserver-api\vendor\codeigniter4\framework\system\Database\BaseBuilder.php(2295): CodeIgniter\Database\BaseConnection->query('INSERT INTO `im...', Array, false)
#3 D:\xampp\htdocs\imageserver-api\app\Models\Upload.php(45): CodeIgniter\Database\BaseBuilder->insert(Array)
#4 D:\xampp\htdocs\imageserver-api\app\Controllers\Upload.php(57): App\Models\Upload->simpan_gambar(Array)
#5 D:\xampp\htdocs\imageserver-api\vendor\codeigniter4\framework\system\CodeIgniter.php(934): App\Controllers\Upload->index()
#6 D:\xampp\htdocs\imageserver-api\vendor\codeigniter4\framework\system\CodeIgniter.php(499): CodeIgniter\CodeIgniter->runController(Object(App\Controllers\Upload))
#7 D:\xampp\htdocs\imageserver-api\vendor\codeigniter4\framework\system\CodeIgniter.php(368): CodeIgniter\CodeIgniter->handleRequest(NULL, Object(Config\Cache), false)
#8 D:\xampp\htdocs\imageserver-api\public\index.php(67): CodeIgniter\CodeIgniter->run()
#9 {main}
CRITICAL - 2023-02-16 06:43:51 --> Unable to connect to the database.
Main connection [MySQLi]: No connection could be made because the target machine actively refused it
in SYSTEMPATH\Database\BaseConnection.php on line 427.
 1 SYSTEMPATH\Database\BaseConnection.php(573): CodeIgniter\Database\BaseConnection->initialize()
 2 SYSTEMPATH\Database\BaseBuilder.php(2295): CodeIgniter\Database\BaseConnection->query('INSERT INTO `image` (`name`, `sizes`, `userfile`) VALUES (:name:, :sizes:, :userfile:)', [...], false)
 3 APPPATH\Models\Upload.php(45): CodeIgniter\Database\BaseBuilder->insert([...])
 4 APPPATH\Controllers\Upload.php(57): App\Models\Upload->simpan_gambar([...])
 5 SYSTEMPATH\CodeIgniter.php(934): App\Controllers\Upload->index()
 6 SYSTEMPATH\CodeIgniter.php(499): CodeIgniter\CodeIgniter->runController(Object(App\Controllers\Upload))
 7 SYSTEMPATH\CodeIgniter.php(368): CodeIgniter\CodeIgniter->handleRequest(null, Object(Config\Cache), false)
 8 FCPATH\index.php(67): CodeIgniter\CodeIgniter->run()
CRITICAL - 2023-02-16 06:44:02 --> Call to undefined method App\Controllers\Upload::resize()
in APPPATH\Controllers\Upload.php on line 78.
 1 SYSTEMPATH\CodeIgniter.php(934): App\Controllers\Upload->index()
 2 SYSTEMPATH\CodeIgniter.php(499): CodeIgniter\CodeIgniter->runController(Object(App\Controllers\Upload))
 3 SYSTEMPATH\CodeIgniter.php(368): CodeIgniter\CodeIgniter->handleRequest(null, Object(Config\Cache), false)
 4 FCPATH\index.php(67): CodeIgniter\CodeIgniter->run()
CRITICAL - 2023-02-16 07:31:42 --> Cannot access offset of type string on string
in APPPATH\Controllers\Upload.php on line 27.
 1 SYSTEMPATH\CodeIgniter.php(934): App\Controllers\Upload->index()
 2 SYSTEMPATH\CodeIgniter.php(499): CodeIgniter\CodeIgniter->runController(Object(App\Controllers\Upload))
 3 SYSTEMPATH\CodeIgniter.php(368): CodeIgniter\CodeIgniter->handleRequest(null, Object(Config\Cache), false)
 4 FCPATH\index.php(67): CodeIgniter\CodeIgniter->run()
CRITICAL - 2023-02-16 07:32:31 --> Cannot access offset of type string on string
in APPPATH\Controllers\Upload.php on line 27.
 1 SYSTEMPATH\CodeIgniter.php(934): App\Controllers\Upload->index()
 2 SYSTEMPATH\CodeIgniter.php(499): CodeIgniter\CodeIgniter->runController(Object(App\Controllers\Upload))
 3 SYSTEMPATH\CodeIgniter.php(368): CodeIgniter\CodeIgniter->handleRequest(null, Object(Config\Cache), false)
 4 FCPATH\index.php(67): CodeIgniter\CodeIgniter->run()
CRITICAL - 2023-02-16 07:33:06 --> Cannot access offset of type string on string
in APPPATH\Controllers\Upload.php on line 27.
 1 SYSTEMPATH\CodeIgniter.php(934): App\Controllers\Upload->index()
 2 SYSTEMPATH\CodeIgniter.php(499): CodeIgniter\CodeIgniter->runController(Object(App\Controllers\Upload))
 3 SYSTEMPATH\CodeIgniter.php(368): CodeIgniter\CodeIgniter->handleRequest(null, Object(Config\Cache), false)
 4 FCPATH\index.php(67): CodeIgniter\CodeIgniter->run()
CRITICAL - 2023-02-16 07:45:31 --> Cannot access offset of type string on string
in APPPATH\Controllers\Upload.php on line 27.
 1 SYSTEMPATH\CodeIgniter.php(934): App\Controllers\Upload->index()
 2 SYSTEMPATH\CodeIgniter.php(499): CodeIgniter\CodeIgniter->runController(Object(App\Controllers\Upload))
 3 SYSTEMPATH\CodeIgniter.php(368): CodeIgniter\CodeIgniter->handleRequest(null, Object(Config\Cache), false)
 4 FCPATH\index.php(67): CodeIgniter\CodeIgniter->run()
CRITICAL - 2023-02-16 07:56:58 --> Cannot use object of type stdClass as array
in APPPATH\Controllers\Upload.php on line 63.
 1 SYSTEMPATH\CodeIgniter.php(934): App\Controllers\Upload->index()
 2 SYSTEMPATH\CodeIgniter.php(499): CodeIgniter\CodeIgniter->runController(Object(App\Controllers\Upload))
 3 SYSTEMPATH\CodeIgniter.php(368): CodeIgniter\CodeIgniter->handleRequest(null, Object(Config\Cache), false)
 4 FCPATH\index.php(67): CodeIgniter\CodeIgniter->run()
CRITICAL - 2023-02-16 07:59:17 --> Call to undefined function Config\Services\image()
in APPPATH\Controllers\Upload.php on line 95.
 1 APPPATH\Controllers\Upload.php(78): App\Controllers\Upload->resize('FCPATH\\uploads\\1676534358.jpg', 'resize/1011.id/asdf/80x60-1676534358.jpg', '80', '60')
 2 SYSTEMPATH\CodeIgniter.php(934): App\Controllers\Upload->index()
 3 SYSTEMPATH\CodeIgniter.php(499): CodeIgniter\CodeIgniter->runController(Object(App\Controllers\Upload))
 4 SYSTEMPATH\CodeIgniter.php(368): CodeIgniter\CodeIgniter->handleRequest(null, Object(Config\Cache), false)
 5 FCPATH\index.php(67): CodeIgniter\CodeIgniter->run()
CRITICAL - 2023-02-16 08:05:17 --> Attempt to read property "width" on array
in APPPATH\Controllers\Upload.php on line 63.
 1 APPPATH\Controllers\Upload.php(63): CodeIgniter\Debug\Exceptions->errorHandler(2, 'Attempt to read property "width" on array', 'APPPATH\\Controllers\\Upload.php', 63)
 2 SYSTEMPATH\CodeIgniter.php(934): App\Controllers\Upload->index()
 3 SYSTEMPATH\CodeIgniter.php(499): CodeIgniter\CodeIgniter->runController(Object(App\Controllers\Upload))
 4 SYSTEMPATH\CodeIgniter.php(368): CodeIgniter\CodeIgniter->handleRequest(null, Object(Config\Cache), false)
 5 FCPATH\index.php(67): CodeIgniter\CodeIgniter->run()
CRITICAL - 2023-02-16 08:06:28 --> Attempt to read property "width" on array
in APPPATH\Controllers\Upload.php on line 63.
 1 APPPATH\Controllers\Upload.php(63): CodeIgniter\Debug\Exceptions->errorHandler(2, 'Attempt to read property "width" on array', 'APPPATH\\Controllers\\Upload.php', 63)
 2 SYSTEMPATH\CodeIgniter.php(934): App\Controllers\Upload->index()
 3 SYSTEMPATH\CodeIgniter.php(499): CodeIgniter\CodeIgniter->runController(Object(App\Controllers\Upload))
 4 SYSTEMPATH\CodeIgniter.php(368): CodeIgniter\CodeIgniter->handleRequest(null, Object(Config\Cache), false)
 5 FCPATH\index.php(67): CodeIgniter\CodeIgniter->run()
CRITICAL - 2023-02-16 08:11:38 --> json_decode(): Argument #1 ($json) must be of type string, array given
in APPPATH\Controllers\Upload.php on line 52.
 1 APPPATH\Controllers\Upload.php(52): json_decode([...])
 2 SYSTEMPATH\CodeIgniter.php(934): App\Controllers\Upload->index()
 3 SYSTEMPATH\CodeIgniter.php(499): CodeIgniter\CodeIgniter->runController(Object(App\Controllers\Upload))
 4 SYSTEMPATH\CodeIgniter.php(368): CodeIgniter\CodeIgniter->handleRequest(null, Object(Config\Cache), false)
 5 FCPATH\index.php(67): CodeIgniter\CodeIgniter->run()
CRITICAL - 2023-02-16 08:17:11 --> Cannot access offset of type string on string
in APPPATH\Controllers\Upload.php on line 27.
 1 SYSTEMPATH\CodeIgniter.php(934): App\Controllers\Upload->index()
 2 SYSTEMPATH\CodeIgniter.php(499): CodeIgniter\CodeIgniter->runController(Object(App\Controllers\Upload))
 3 SYSTEMPATH\CodeIgniter.php(368): CodeIgniter\CodeIgniter->handleRequest(null, Object(Config\Cache), false)
 4 FCPATH\index.php(67): CodeIgniter\CodeIgniter->run()
CRITICAL - 2023-02-16 08:18:14 --> Cannot access offset of type string on string
in APPPATH\Controllers\Upload.php on line 27.
 1 SYSTEMPATH\CodeIgniter.php(934): App\Controllers\Upload->index()
 2 SYSTEMPATH\CodeIgniter.php(499): CodeIgniter\CodeIgniter->runController(Object(App\Controllers\Upload))
 3 SYSTEMPATH\CodeIgniter.php(368): CodeIgniter\CodeIgniter->handleRequest(null, Object(Config\Cache), false)
 4 FCPATH\index.php(67): CodeIgniter\CodeIgniter->run()
CRITICAL - 2023-02-16 09:13:54 --> Attempt to read property "width" on array
in APPPATH\Controllers\Upload.php on line 65.
 1 APPPATH\Controllers\Upload.php(65): CodeIgniter\Debug\Exceptions->errorHandler(2, 'Attempt to read property "width" on array', 'APPPATH\\Controllers\\Upload.php', 65)
 2 SYSTEMPATH\CodeIgniter.php(934): App\Controllers\Upload->index()
 3 SYSTEMPATH\CodeIgniter.php(499): CodeIgniter\CodeIgniter->runController(Object(App\Controllers\Upload))
 4 SYSTEMPATH\CodeIgniter.php(368): CodeIgniter\CodeIgniter->handleRequest(null, Object(Config\Cache), false)
 5 FCPATH\index.php(67): CodeIgniter\CodeIgniter->run()
CRITICAL - 2023-02-16 09:21:47 --> Cannot access offset of type string on string
in APPPATH\Controllers\Upload.php on line 27.
 1 SYSTEMPATH\CodeIgniter.php(934): App\Controllers\Upload->index()
 2 SYSTEMPATH\CodeIgniter.php(499): CodeIgniter\CodeIgniter->runController(Object(App\Controllers\Upload))
 3 SYSTEMPATH\CodeIgniter.php(368): CodeIgniter\CodeIgniter->handleRequest(null, Object(Config\Cache), false)
 4 FCPATH\index.php(67): CodeIgniter\CodeIgniter->run()
CRITICAL - 2023-02-16 09:22:12 --> Cannot access offset of type string on string
in APPPATH\Controllers\Upload.php on line 27.
 1 SYSTEMPATH\CodeIgniter.php(934): App\Controllers\Upload->index()
 2 SYSTEMPATH\CodeIgniter.php(499): CodeIgniter\CodeIgniter->runController(Object(App\Controllers\Upload))
 3 SYSTEMPATH\CodeIgniter.php(368): CodeIgniter\CodeIgniter->handleRequest(null, Object(Config\Cache), false)
 4 FCPATH\index.php(67): CodeIgniter\CodeIgniter->run()
CRITICAL - 2023-02-16 09:28:03 --> Attempt to read property "width" on array
in APPPATH\Controllers\Upload.php on line 65.
 1 APPPATH\Controllers\Upload.php(65): CodeIgniter\Debug\Exceptions->errorHandler(2, 'Attempt to read property "width" on array', 'APPPATH\\Controllers\\Upload.php', 65)
 2 SYSTEMPATH\CodeIgniter.php(934): App\Controllers\Upload->index()
 3 SYSTEMPATH\CodeIgniter.php(499): CodeIgniter\CodeIgniter->runController(Object(App\Controllers\Upload))
 4 SYSTEMPATH\CodeIgniter.php(368): CodeIgniter\CodeIgniter->handleRequest(null, Object(Config\Cache), false)
 5 FCPATH\index.php(67): CodeIgniter\CodeIgniter->run()
CRITICAL - 2023-02-16 09:41:49 --> Attempt to read property "width" on array
in APPPATH\Controllers\Upload.php on line 65.
 1 APPPATH\Controllers\Upload.php(65): CodeIgniter\Debug\Exceptions->errorHandler(2, 'Attempt to read property "width" on array', 'APPPATH\\Controllers\\Upload.php', 65)
 2 SYSTEMPATH\CodeIgniter.php(934): App\Controllers\Upload->index()
 3 SYSTEMPATH\CodeIgniter.php(499): CodeIgniter\CodeIgniter->runController(Object(App\Controllers\Upload))
 4 SYSTEMPATH\CodeIgniter.php(368): CodeIgniter\CodeIgniter->handleRequest(null, Object(Config\Cache), false)
 5 FCPATH\index.php(67): CodeIgniter\CodeIgniter->run()
CRITICAL - 2023-02-16 09:42:33 --> Attempt to read property "width" on array
in APPPATH\Controllers\Upload.php on line 65.
 1 APPPATH\Controllers\Upload.php(65): CodeIgniter\Debug\Exceptions->errorHandler(2, 'Attempt to read property "width" on array', 'APPPATH\\Controllers\\Upload.php', 65)
 2 SYSTEMPATH\CodeIgniter.php(934): App\Controllers\Upload->index()
 3 SYSTEMPATH\CodeIgniter.php(499): CodeIgniter\CodeIgniter->runController(Object(App\Controllers\Upload))
 4 SYSTEMPATH\CodeIgniter.php(368): CodeIgniter\CodeIgniter->handleRequest(null, Object(Config\Cache), false)
 5 FCPATH\index.php(67): CodeIgniter\CodeIgniter->run()
CRITICAL - 2023-02-16 10:46:40 --> Attempt to read property "width" on array
in APPPATH\Controllers\Upload.php on line 65.
 1 APPPATH\Controllers\Upload.php(65): CodeIgniter\Debug\Exceptions->errorHandler(2, 'Attempt to read property "width" on array', 'APPPATH\\Controllers\\Upload.php', 65)
 2 SYSTEMPATH\CodeIgniter.php(934): App\Controllers\Upload->index()
 3 SYSTEMPATH\CodeIgniter.php(499): CodeIgniter\CodeIgniter->runController(Object(App\Controllers\Upload))
 4 SYSTEMPATH\CodeIgniter.php(368): CodeIgniter\CodeIgniter->handleRequest(null, Object(Config\Cache), false)
 5 FCPATH\index.php(67): CodeIgniter\CodeIgniter->run()
