CRITICAL - 2023-02-28 06:46:39 --> Undefined variable $result
in APPPATH\Controllers\Upload.php on line 173.
 1 APPPATH\Controllers\Upload.php(173): CodeIgniter\Debug\Exceptions->errorHandler(2, 'Undefined variable $result', 'APPPATH\\Controllers\\Upload.php', 173)
 2 SYSTEMPATH\CodeIgniter.php(934): App\Controllers\Upload->index()
 3 SYSTEMPATH\CodeIgniter.php(499): CodeIgniter\CodeIgniter->runController(Object(App\Controllers\Upload))
 4 SYSTEMPATH\CodeIgniter.php(368): CodeIgniter\CodeIgniter->handleRequest(null, Object(Config\Cache), false)
 5 FCPATH\index.php(67): CodeIgniter\CodeIgniter->run()
CRITICAL - 2023-02-28 06:47:59 --> Undefined variable $result
in APPPATH\Controllers\Upload.php on line 173.
 1 APPPATH\Controllers\Upload.php(173): CodeIgniter\Debug\Exceptions->errorHandler(2, 'Undefined variable $result', 'APPPATH\\Controllers\\Upload.php', 173)
 2 SYSTEMPATH\CodeIgniter.php(934): App\Controllers\Upload->index()
 3 SYSTEMPATH\CodeIgniter.php(499): CodeIgniter\CodeIgniter->runController(Object(App\Controllers\Upload))
 4 SYSTEMPATH\CodeIgniter.php(368): CodeIgniter\CodeIgniter->handleRequest(null, Object(Config\Cache), false)
 5 FCPATH\index.php(67): CodeIgniter\CodeIgniter->run()
CRITICAL - 2023-02-28 06:49:21 --> Undefined variable $result
in APPPATH\Controllers\Upload.php on line 175.
 1 APPPATH\Controllers\Upload.php(175): CodeIgniter\Debug\Exceptions->errorHandler(2, 'Undefined variable $result', 'APPPATH\\Controllers\\Upload.php', 175)
 2 SYSTEMPATH\CodeIgniter.php(934): App\Controllers\Upload->index()
 3 SYSTEMPATH\CodeIgniter.php(499): CodeIgniter\CodeIgniter->runController(Object(App\Controllers\Upload))
 4 SYSTEMPATH\CodeIgniter.php(368): CodeIgniter\CodeIgniter->handleRequest(null, Object(Config\Cache), false)
 5 FCPATH\index.php(67): CodeIgniter\CodeIgniter->run()
CRITICAL - 2023-02-28 06:53:11 --> Undefined variable $result
in APPPATH\Controllers\Upload.php on line 178.
 1 APPPATH\Controllers\Upload.php(178): CodeIgniter\Debug\Exceptions->errorHandler(2, 'Undefined variable $result', 'APPPATH\\Controllers\\Upload.php', 178)
 2 SYSTEMPATH\CodeIgniter.php(934): App\Controllers\Upload->index()
 3 SYSTEMPATH\CodeIgniter.php(499): CodeIgniter\CodeIgniter->runController(Object(App\Controllers\Upload))
 4 SYSTEMPATH\CodeIgniter.php(368): CodeIgniter\CodeIgniter->handleRequest(null, Object(Config\Cache), false)
 5 FCPATH\index.php(67): CodeIgniter\CodeIgniter->run()
CRITICAL - 2023-02-28 07:00:18 --> Undefined variable $data
in APPPATH\Controllers\Upload.php on line 159.
 1 APPPATH\Controllers\Upload.php(159): CodeIgniter\Debug\Exceptions->errorHandler(2, 'Undefined variable $data', 'APPPATH\\Controllers\\Upload.php', 159)
 2 SYSTEMPATH\CodeIgniter.php(934): App\Controllers\Upload->index()
 3 SYSTEMPATH\CodeIgniter.php(499): CodeIgniter\CodeIgniter->runController(Object(App\Controllers\Upload))
 4 SYSTEMPATH\CodeIgniter.php(368): CodeIgniter\CodeIgniter->handleRequest(null, Object(Config\Cache), false)
 5 FCPATH\index.php(67): CodeIgniter\CodeIgniter->run()
CRITICAL - 2023-02-28 07:01:07 --> CodeIgniter\Validation\FileRules::uploaded(): Argument #1 ($blank) must be of type ?string, array given, called in D:\xampp\htdocs\imageserver-api\vendor\codeigniter4\framework\system\Validation\Validation.php on line 312
in SYSTEMPATH\Validation\FileRules.php on line 51.
 1 SYSTEMPATH\Validation\Validation.php(312): CodeIgniter\Validation\FileRules->uploaded([...], 'userfile', [...], null, 'userfile')
 2 SYSTEMPATH\Validation\Validation.php(170): CodeIgniter\Validation\Validation->processRules('userfile', 'Image File', [...], [...], [...])
 3 APPPATH\Controllers\Upload.php(159): CodeIgniter\Validation\Validation->run([...])
 4 SYSTEMPATH\CodeIgniter.php(934): App\Controllers\Upload->index()
 5 SYSTEMPATH\CodeIgniter.php(499): CodeIgniter\CodeIgniter->runController(Object(App\Controllers\Upload))
 6 SYSTEMPATH\CodeIgniter.php(368): CodeIgniter\CodeIgniter->handleRequest(null, Object(Config\Cache), false)
 7 FCPATH\index.php(67): CodeIgniter\CodeIgniter->run()
CRITICAL - 2023-02-28 07:02:00 --> CodeIgniter\Validation\FileRules::uploaded(): Argument #1 ($blank) must be of type ?string, array given, called in D:\xampp\htdocs\imageserver-api\vendor\codeigniter4\framework\system\Validation\Validation.php on line 312
in SYSTEMPATH\Validation\FileRules.php on line 51.
 1 SYSTEMPATH\Validation\Validation.php(312): CodeIgniter\Validation\FileRules->uploaded([...], 'userfile', [...], null, 'userfile')
 2 SYSTEMPATH\Validation\Validation.php(170): CodeIgniter\Validation\Validation->processRules('userfile', 'Image File', [...], [...], [...])
 3 APPPATH\Controllers\Upload.php(158): CodeIgniter\Validation\Validation->run([...])
 4 SYSTEMPATH\CodeIgniter.php(934): App\Controllers\Upload->index()
 5 SYSTEMPATH\CodeIgniter.php(499): CodeIgniter\CodeIgniter->runController(Object(App\Controllers\Upload))
 6 SYSTEMPATH\CodeIgniter.php(368): CodeIgniter\CodeIgniter->handleRequest(null, Object(Config\Cache), false)
 7 FCPATH\index.php(67): CodeIgniter\CodeIgniter->run()
CRITICAL - 2023-02-28 07:02:43 --> CodeIgniter\Validation\FileRules::uploaded(): Argument #1 ($blank) must be of type ?string, array given, called in D:\xampp\htdocs\imageserver-api\vendor\codeigniter4\framework\system\Validation\Validation.php on line 312
in SYSTEMPATH\Validation\FileRules.php on line 51.
 1 SYSTEMPATH\Validation\Validation.php(312): CodeIgniter\Validation\FileRules->uploaded([...], 'userfile', [...], null, 'userfile')
 2 SYSTEMPATH\Validation\Validation.php(170): CodeIgniter\Validation\Validation->processRules('userfile', 'Image File', [...], [...], [...])
 3 APPPATH\Controllers\Upload.php(158): CodeIgniter\Validation\Validation->run([...])
 4 SYSTEMPATH\CodeIgniter.php(934): App\Controllers\Upload->index()
 5 SYSTEMPATH\CodeIgniter.php(499): CodeIgniter\CodeIgniter->runController(Object(App\Controllers\Upload))
 6 SYSTEMPATH\CodeIgniter.php(368): CodeIgniter\CodeIgniter->handleRequest(null, Object(Config\Cache), false)
 7 FCPATH\index.php(67): CodeIgniter\CodeIgniter->run()
CRITICAL - 2023-02-28 07:03:26 --> CodeIgniter\Validation\FileRules::uploaded(): Argument #1 ($blank) must be of type ?string, array given, called in D:\xampp\htdocs\imageserver-api\vendor\codeigniter4\framework\system\Validation\Validation.php on line 312
in SYSTEMPATH\Validation\FileRules.php on line 51.
 1 SYSTEMPATH\Validation\Validation.php(312): CodeIgniter\Validation\FileRules->uploaded([...], 'userfile', [...], null, 'userfile')
 2 SYSTEMPATH\Validation\Validation.php(170): CodeIgniter\Validation\Validation->processRules('userfile', 'Image File', [...], [...], [...])
 3 APPPATH\Controllers\Upload.php(158): CodeIgniter\Validation\Validation->run([...])
 4 SYSTEMPATH\CodeIgniter.php(934): App\Controllers\Upload->index()
 5 SYSTEMPATH\CodeIgniter.php(499): CodeIgniter\CodeIgniter->runController(Object(App\Controllers\Upload))
 6 SYSTEMPATH\CodeIgniter.php(368): CodeIgniter\CodeIgniter->handleRequest(null, Object(Config\Cache), false)
 7 FCPATH\index.php(67): CodeIgniter\CodeIgniter->run()
CRITICAL - 2023-02-28 07:05:08 --> CodeIgniter\Validation\FileRules::uploaded(): Argument #1 ($blank) must be of type ?string, array given, called in D:\xampp\htdocs\imageserver-api\vendor\codeigniter4\framework\system\Validation\Validation.php on line 312
in SYSTEMPATH\Validation\FileRules.php on line 51.
 1 SYSTEMPATH\Validation\Validation.php(312): CodeIgniter\Validation\FileRules->uploaded([...], 'userfile', [...], null, 'userfile')
 2 SYSTEMPATH\Validation\Validation.php(170): CodeIgniter\Validation\Validation->processRules('userfile', 'Image File', [...], [...], [...])
 3 APPPATH\Controllers\Upload.php(158): CodeIgniter\Validation\Validation->run([...])
 4 SYSTEMPATH\CodeIgniter.php(934): App\Controllers\Upload->index()
 5 SYSTEMPATH\CodeIgniter.php(499): CodeIgniter\CodeIgniter->runController(Object(App\Controllers\Upload))
 6 SYSTEMPATH\CodeIgniter.php(368): CodeIgniter\CodeIgniter->handleRequest(null, Object(Config\Cache), false)
 7 FCPATH\index.php(67): CodeIgniter\CodeIgniter->run()
CRITICAL - 2023-02-28 07:06:55 --> CodeIgniter\Validation\FileRules::uploaded(): Argument #1 ($blank) must be of type ?string, array given, called in D:\xampp\htdocs\imageserver-api\vendor\codeigniter4\framework\system\Validation\Validation.php on line 312
in SYSTEMPATH\Validation\FileRules.php on line 51.
 1 SYSTEMPATH\Validation\Validation.php(312): CodeIgniter\Validation\FileRules->uploaded([...], 'userfile', [...], null, 'userfile')
 2 SYSTEMPATH\Validation\Validation.php(170): CodeIgniter\Validation\Validation->processRules('userfile', 'Image File', [...], [...], [...])
 3 APPPATH\Controllers\Upload.php(158): CodeIgniter\Validation\Validation->run([...])
 4 SYSTEMPATH\CodeIgniter.php(934): App\Controllers\Upload->index()
 5 SYSTEMPATH\CodeIgniter.php(499): CodeIgniter\CodeIgniter->runController(Object(App\Controllers\Upload))
 6 SYSTEMPATH\CodeIgniter.php(368): CodeIgniter\CodeIgniter->handleRequest(null, Object(Config\Cache), false)
 7 FCPATH\index.php(67): CodeIgniter\CodeIgniter->run()
CRITICAL - 2023-02-28 07:07:56 --> Undefined variable $data
in APPPATH\Controllers\Upload.php on line 158.
 1 APPPATH\Controllers\Upload.php(158): CodeIgniter\Debug\Exceptions->errorHandler(2, 'Undefined variable $data', 'APPPATH\\Controllers\\Upload.php', 158)
 2 SYSTEMPATH\CodeIgniter.php(934): App\Controllers\Upload->index()
 3 SYSTEMPATH\CodeIgniter.php(499): CodeIgniter\CodeIgniter->runController(Object(App\Controllers\Upload))
 4 SYSTEMPATH\CodeIgniter.php(368): CodeIgniter\CodeIgniter->handleRequest(null, Object(Config\Cache), false)
 5 FCPATH\index.php(67): CodeIgniter\CodeIgniter->run()
CRITICAL - 2023-02-28 07:13:07 --> CodeIgniter\Validation\FileRules::uploaded(): Argument #1 ($blank) must be of type ?string, array given, called in D:\xampp\htdocs\imageserver-api\vendor\codeigniter4\framework\system\Validation\Validation.php on line 312
in SYSTEMPATH\Validation\FileRules.php on line 51.
 1 SYSTEMPATH\Validation\Validation.php(312): CodeIgniter\Validation\FileRules->uploaded([...], 'userfile', [...], null, 'userfile')
 2 SYSTEMPATH\Validation\Validation.php(170): CodeIgniter\Validation\Validation->processRules('userfile', 'Image File', [...], [...], [...])
 3 APPPATH\Controllers\Upload.php(160): CodeIgniter\Validation\Validation->run([...])
 4 SYSTEMPATH\CodeIgniter.php(934): App\Controllers\Upload->index()
 5 SYSTEMPATH\CodeIgniter.php(499): CodeIgniter\CodeIgniter->runController(Object(App\Controllers\Upload))
 6 SYSTEMPATH\CodeIgniter.php(368): CodeIgniter\CodeIgniter->handleRequest(null, Object(Config\Cache), false)
 7 FCPATH\index.php(67): CodeIgniter\CodeIgniter->run()
CRITICAL - 2023-02-28 07:38:57 --> Undefined variable $data
in APPPATH\Controllers\Upload.php on line 160.
 1 APPPATH\Controllers\Upload.php(160): CodeIgniter\Debug\Exceptions->errorHandler(2, 'Undefined variable $data', 'APPPATH\\Controllers\\Upload.php', 160)
 2 SYSTEMPATH\CodeIgniter.php(934): App\Controllers\Upload->index()
 3 SYSTEMPATH\CodeIgniter.php(499): CodeIgniter\CodeIgniter->runController(Object(App\Controllers\Upload))
 4 SYSTEMPATH\CodeIgniter.php(368): CodeIgniter\CodeIgniter->handleRequest(null, Object(Config\Cache), false)
 5 FCPATH\index.php(67): CodeIgniter\CodeIgniter->run()
